<?xml version="1.0" encoding="UTF-8"?>
<testng-results ignored="0" total="1" passed="1" failed="0" skipped="0">
  <reporter-output>
  </reporter-output>
  <suite started-at="2023-01-23T00:19:37 IST" name="Suite" finished-at="2023-01-23T00:19:44 IST" duration-ms="6764">
    <groups>
    </groups>
    <test started-at="2023-01-23T00:19:37 IST" name="Test" finished-at="2023-01-23T00:19:44 IST" duration-ms="6764">
      <class name="Ecommerce.TestCases.VerifyVoteButton">
        <test-method is-config="true" signature="SetUp(java.lang.String)[pri:0, instance:Ecommerce.TestCases.VerifyVoteButton@384ad17b]" started-at="2023-01-23T00:19:37 IST" name="SetUp" finished-at="2023-01-23T00:19:43 IST" duration-ms="5261" status="PASS">
          <params>
            <param index="0">
              <value>
                <![CDATA[Chrome]]>
              </value>
            </param>
          </params>
          <reporter-output>
          </reporter-output>
        </test-method> <!-- SetUp -->
        <test-method signature="verifyvote()[pri:0, instance:Ecommerce.TestCases.VerifyVoteButton@384ad17b]" started-at="2023-01-23T00:19:43 IST" name="verifyvote" finished-at="2023-01-23T00:19:44 IST" duration-ms="1120" status="PASS">
          <reporter-output>
          </reporter-output>
        </test-method> <!-- verifyvote -->
        <test-method is-config="true" signature="TearDown()[pri:0, instance:Ecommerce.TestCases.VerifyVoteButton@384ad17b]" started-at="2023-01-23T00:19:44 IST" name="TearDown" finished-at="2023-01-23T00:19:44 IST" duration-ms="331" status="PASS">
          <reporter-output>
          </reporter-output>
        </test-method> <!-- TearDown -->
      </class> <!-- Ecommerce.TestCases.VerifyVoteButton -->
    </test> <!-- Test -->
  </suite> <!-- Suite -->
</testng-results>
